2025-10-04 16:16:04, MOVE, v:1, k:toalha, mode:DOWN
2025-10-04 16:16:15, MOVE, v:1, k:toalha, mode:PICK
2025-10-04 16:28:58, EXEC, v:1, k:toalha, mode:LOCK, rate:100, size:29
2025-10-04 16:29:19, EXEC, v:1, k:toalha, mode:LOCK, rate:100
2025-10-04 16:29:20, EXEC, v:1, k:toalha, mode:LOCK, rate:100
2025-10-04 16:29:20, EXEC, v:1, k:toalha, mode:LOCK, rate:100
2025-10-04 16:29:21, EXEC, v:1, k:toalha, mode:LOCK, rate:100
2025-10-04 16:29:21, EXEC, v:1, k:toalha, mode:FREE
2025-10-04 16:29:50, MOVE, v:1, k:toalha, mode:PICK
2025-10-04 16:29:52, EXEC, v:1, k:toalha, mode:LOCK, rate:100
2025-10-04 16:29:59, MOVE, v:1, k:toalha, mode:BACK
2025-10-04 16:30:04, MOVE, v:1, k:enxugar, mode:DOWN
2025-10-04 16:30:12, MOVE, v:1, k:enxugar, mode:PICK
2025-10-04 16:41:54, EXEC, v:1, k:enxugar, mode:FULL, rate:0, size:56
2025-10-04 16:44:10, EXEC, v:1, k:enxugar, mode:FULL, rate:0, size:65
2025-10-04 16:45:21, EXEC, v:1, k:enxugar, mode:FULL, rate:100, size:80
2025-10-04 16:48:32, MOVE, v:1, k:animal, mode:DOWN
2025-10-04 16:48:34, MOVE, v:1, k:animal, mode:PICK
2025-10-04 17:07:05, EXEC, v:1, k:animal, mode:FULL, rate:0, size:65
2025-10-04 17:09:02, MOVE, v:1, k:carro, mode:DOWN
2025-10-04 17:09:03, MOVE, v:1, k:carro, mode:PICK
2025-10-04 17:09:21, EXEC, v:1, k:carro, mode:FULL, rate:0, size:65
2025-10-04 17:09:25, EXEC, v:1, k:carro, mode:FREE
2025-10-04 17:09:43, MOVE, v:1, k:carro, mode:PICK
2025-10-04 17:10:45, EXEC, v:1, k:carro, mode:FULL, rate:100, size:65
2025-10-04 17:12:22, MOVE, v:1, k:carro, mode:PICK
2025-10-04 17:12:24, EXEC, v:1, k:carro, mode:FULL, rate:100
2025-10-04 17:14:13, MOVE, v:1, k:calculadora, mode:DOWN
2025-10-04 17:14:35, MOVE, v:1, k:calculadora, mode:PICK
